0 info it worked if it ends with ok
1 verbose cli [ '/usr/bin/node', '/usr/bin/npm', 'install' ]
2 info using npm@2.15.1
3 info using node@v0.10.45
4 verbose node symlink /usr/bin/node
5 verbose config Skipping project config: /home/zhardy/.npmrc. (matches userconfig)
6 verbose readDependencies loading dependencies from /home/zhardy/package.json
7 error install Couldn't read dependencies
8 verbose stack Error: ENOENT, open '/home/zhardy/package.json'
9 verbose cwd /home/zhardy/programming/LuckyZap/LuckyZapFrontend
10 error Linux 3.16.0-71-generic
11 error argv "/usr/bin/node" "/usr/bin/npm" "install"
12 error node v0.10.45
13 error npm  v2.15.1
14 error path /home/zhardy/package.json
15 error code ENOPACKAGEJSON
16 error errno 34
17 error package.json ENOENT, open '/home/zhardy/package.json'
17 error package.json This is most likely not a problem with npm itself.
17 error package.json npm can't find a package.json file in your current directory.
18 verbose exit [ 34, true ]
